Using pre-set license
Built from '2021.3/china_unity/release' branch; Version is '2021.3.32f1c1 (fa19b96eeab7) revision 16390585'; Using compiler version '192829333'; Build Type 'Release'
OS: 'Windows 10  (10.0.19045) 64bit Professional' Language: 'zh' Physical Memory: 32539 MB
BatchMode: 1, IsHumanControllingUs: 0, StartBugReporterOnCrash: 0, Is64bit: 1, IsPro: 1

COMMAND LINE ARGUMENTS:
D:\Unity\2021.3.32f1c1\Editor\Unity.exe
-adb2
-batchMode
-noUpm
-name
AssetImportWorker0
-projectPath
C:/Users/ShawZZZZZ/Desktop/XM2.0/CSM
-logFile
Logs/AssetImportWorker0.log
-srvPort
64309
Successfully changed project path to: C:/Users/ShawZZZZZ/Desktop/XM2.0/CSM
C:/Users/ShawZZZZZ/Desktop/XM2.0/CSM
[UnityMemory] Configuration Parameters - Can be set up in boot.config
    "memorysetup-bucket-allocator-granularity=16"
    "memorysetup-bucket-allocator-bucket-count=8"
    "memorysetup-bucket-allocator-block-size=33554432"
    "memorysetup-bucket-allocator-block-count=8"
    "memorysetup-main-allocator-block-size=16777216"
    "memorysetup-thread-allocator-block-size=16777216"
    "memorysetup-gfx-main-allocator-block-size=16777216"
    "memorysetup-gfx-thread-allocator-block-size=16777216"
    "memorysetup-cache-allocator-block-size=4194304"
    "memorysetup-typetree-allocator-block-size=2097152"
    "memorysetup-profiler-bucket-allocator-granularity=16"
    "memorysetup-profiler-bucket-allocator-bucket-count=8"
    "memorysetup-profiler-bucket-allocator-block-size=33554432"
    "memorysetup-profiler-bucket-allocator-block-count=8"
    "memorysetup-profiler-allocator-block-size=16777216"
    "memorysetup-profiler-editor-allocator-block-size=1048576"
    "memorysetup-temp-allocator-size-main=16777216"
    "memorysetup-job-temp-allocator-block-size=2097152"
    "memorysetup-job-temp-allocator-block-size-background=1048576"
    "memorysetup-job-temp-allocator-reduction-small-platforms=262144"
    "memorysetup-temp-allocator-size-background-worker=32768"
    "memorysetup-temp-allocator-size-job-worker=262144"
    "memorysetup-temp-allocator-size-preload-manager=33554432"
    "memorysetup-temp-allocator-size-nav-mesh-worker=65536"
    "memorysetup-temp-allocator-size-audio-worker=65536"
    "memorysetup-temp-allocator-size-cloud-worker=32768"
    "memorysetup-temp-allocator-size-gi-baking-worker=262144"
    "memorysetup-temp-allocator-size-gfx=262144"
Player connection [21564] Host "[IP] 118.202.10.86 [Port] 0 [Flags] 2 [Guid] 3567039219 [EditorId] 3567039219 [Version] 1048832 [Id] WindowsEditor(7,DESKTOP-N5D78ML) [Debug] 1 [PackageName] WindowsEditor [ProjectName] Editor" joined multi-casting on [225.0.0.222:54997]...

Player connection [21564] Host "[IP] 118.202.10.86 [Port] 0 [Flags] 2 [Guid] 3567039219 [EditorId] 3567039219 [Version] 1048832 [Id] WindowsEditor(7,DESKTOP-N5D78ML) [Debug] 1 [PackageName] WindowsEditor [ProjectName] Editor" joined alternative multi-casting on [225.0.0.222:34997]...

AS: AutoStreaming module initializing.
[Physics::Module] Initialized MultithreadedJobDispatcher with {0} workers.
Refreshing native plugins compatible for Editor in 71.42 ms, found 3 plugins.
Preloading 0 native plugins for Editor in 0.00 ms.
Initialize engine version: 2021.3.32f1c1 (fa19b96eeab7)
[Subsystems] Discovering subsystems at path D:/Unity/2021.3.32f1c1/Editor/Data/Resources/UnitySubsystems
[Subsystems] Discovering subsystems at path C:/Users/ShawZZZZZ/Desktop/XM2.0/CSM/Assets
GfxDevice: creating device client; threaded=0; jobified=0
Direct3D:
    Version:  Direct3D 11.0 [level 11.1]
    Renderer: Intel(R) Iris(R) Xe Graphics (ID=0xa7a0)
    Vendor:   Intel
    VRAM:     16269 MB
    Driver:   31.0.101.4575
Initialize mono
Mono path[0] = 'D:/Unity/2021.3.32f1c1/Editor/Data/Managed'
Mono path[1] = 'D:/Unity/2021.3.32f1c1/Editor/Data/MonoBleedingEdge/lib/mono/unityjit-win32'
Mono config path = 'D:/Unity/2021.3.32f1c1/Editor/Data/MonoBleedingEdge/etc'
Using monoOptions --debugger-agent=transport=dt_socket,embedding=1,server=y,suspend=n,address=127.0.0.1:56224
Begin MonoManager ReloadAssembly
Registering precompiled unity dll's ...
Register platform support module: D:/Unity/2021.3.32f1c1/Editor/Data/PlaybackEngines/WindowsStandaloneSupport/UnityEditor.WindowsStandalone.Extensions.dll
Registered in 0.002546 seconds.
Native extension for WindowsStandalone target not found
Refreshing native plugins compatible for Editor in 68.95 ms, found 3 plugins.
Preloading 0 native plugins for Editor in 0.00 ms.
Mono: successfully reloaded assembly
- Completed reload, in  0.521 seconds
Domain Reload Profiling:
	ReloadAssembly (521ms)
		BeginReloadAssembly (80ms)
			ExecutionOrderSort (0ms)
			DisableScriptedObjects (0ms)
			BackupInstance (0ms)
			ReleaseScriptingObjects (0ms)
			CreateAndSetChildDomain (1ms)
		EndReloadAssembly (362ms)
			LoadAssemblies (77ms)
			RebuildTransferFunctionScriptingTraits (0ms)
			SetupTypeCache (85ms)
			ReleaseScriptCaches (0ms)
			RebuildScriptCaches (26ms)
			SetupLoadedEditorAssemblies (216ms)
				LogAssemblyErrors (0ms)
				InitializePlatformSupportModulesInManaged (6ms)
				SetLoadedEditorAssemblies (0ms)
				RefreshPlugins (69ms)
				BeforeProcessingInitializeOnLoad (1ms)
				ProcessInitializeOnLoadAttributes (99ms)
				ProcessInitializeOnLoadMethodAttributes (40ms)
				AfterProcessingInitializeOnLoad (0ms)
				EditorAssembliesLoaded (0ms)
			ExecutionOrderSort2 (0ms)
			AwakeInstancesAfterBackupRestoration (0ms)
Platform modules already initialized, skipping
Registering precompiled user dll's ...
Registered in 0.008916 seconds.
Begin MonoManager ReloadAssembly
Symbol file LoadedFromMemory doesn't match image C:\Users\ShawZZZZZ\Desktop\XM2.0\CSM\Library\PackageCache\com.unity.visualscripting@1.7.6\Editor\VisualScripting.Core\Dependencies\YamlDotNet\Unity.VisualScripting.YamlDotNet.dll
Symbol file LoadedFromMemory doesn't match image C:\Users\ShawZZZZZ\Desktop\XM2.0\CSM\Library\PackageCache\com.unity.visualscripting@1.7.6\Editor\VisualScripting.Core\Dependencies\DotNetZip\Unity.VisualScripting.IonicZip.dll
Symbol file LoadedFromMemory is not a mono symbol file
Native extension for WindowsStandalone target not found
Refreshing native plugins compatible for Editor in 0.58 ms, found 3 plugins.
Preloading 0 native plugins for Editor in 0.00 ms.
Package Manager log level set to [2]
[Package Manager] Server::EnsureServerProcessIsRunning -- launch failed, reason: Unity was launched with the -noUpm command-line argument
[Package Manager] Cannot connect to Unity Package Manager local server
Mono: successfully reloaded assembly
- Completed reload, in  1.203 seconds
Domain Reload Profiling:
	ReloadAssembly (1203ms)
		BeginReloadAssembly (92ms)
			ExecutionOrderSort (0ms)
			DisableScriptedObjects (5ms)
			BackupInstance (0ms)
			ReleaseScriptingObjects (0ms)
			CreateAndSetChildDomain (16ms)
		EndReloadAssembly (1016ms)
			LoadAssemblies (69ms)
			RebuildTransferFunctionScriptingTraits (0ms)
			SetupTypeCache (221ms)
			ReleaseScriptCaches (0ms)
			RebuildScriptCaches (43ms)
			SetupLoadedEditorAssemblies (652ms)
				LogAssemblyErrors (0ms)
				InitializePlatformSupportModulesInManaged (4ms)
				SetLoadedEditorAssemblies (0ms)
				RefreshPlugins (1ms)
				BeforeProcessingInitializeOnLoad (79ms)
				ProcessInitializeOnLoadAttributes (533ms)
				ProcessInitializeOnLoadMethodAttributes (29ms)
				AfterProcessingInitializeOnLoad (6ms)
				EditorAssembliesLoaded (0ms)
			ExecutionOrderSort2 (0ms)
			AwakeInstancesAfterBackupRestoration (6ms)
Platform modules already initialized, skipping
========================================================================
Worker process is ready to serve import requests
Launched and connected shader compiler UnityShaderCompiler.exe after 0.04 seconds
Refreshing native plugins compatible for Editor in 0.32 ms, found 3 plugins.
Preloading 0 native plugins for Editor in 0.00 ms.
Unloading 3569 Unused Serialized files (Serialized files now loaded: 0)
Unloading 25 unused Assets / (48.6 KB). Loaded Objects now: 4029.
Memory consumption went from 124.1 MB to 124.1 MB.
Total: 1.812000 ms (FindLiveObjects: 0.135400 ms CreateObjectMapping: 0.052100 ms MarkObjects: 1.568500 ms  DeleteObjects: 0.055500 ms)

AssetImportParameters requested are different than current active one (requested -> active):
  custom:video-decoder-ogg-theora: a1e56fd34408186e4bbccfd4996cb3dc -> 
  custom:container-muxer-webm: aa71ff27fc2769a1b78a27578f13a17b -> 
  custom:container-demuxer-webm: 4f35f7cbe854078d1ac9338744f61a02 -> 
  custom:video-encoder-webm-vp8: eb34c28f22e8b96e1ab97ce403110664 -> 
  custom:CustomObjectIndexerAttribute: bc11b3a6c3213fcdd17b65e7da85e133 -> 
  custom:audio-encoder-webm-vorbis: bf7c407c2cedff20999df2af8eb42d56 -> 
  custom:framework-win-MediaFoundation: 216162199b28c13a410421893ffa2e32 -> 
  custom:SearchIndexIgnoredProperties: e643bd26f0fe6173181afceb89e7c659 -> 
  custom:container-demuxer-ogg: 62fdf1f143b41e24485cea50d1cbac27 -> 
  custom:video-decoder-webm-vp8: 9c59270c3fd7afecdb556c50c9e8de78 -> 
  custom:audio-decoder-ogg-vorbis: bf7c407c2cedff20999df2af8eb42d56 -> 
========================================================================
Received Import Request.
  Time since last request: 163270.080899 seconds.
  path: Assets/Models/vokselia_spawn/vokselia_spawn.png
  artifactKey: Guid(d123c0101f9c26641951730004a53a88) Importer(815301076,1909f56bfc062723c751e8b465ee728b)
Number of updated assets reloaded before import = 0
Start importing Assets/Models/vokselia_spawn/vokselia_spawn.png using Guid(d123c0101f9c26641951730004a53a88) Importer(815301076,1909f56bfc062723c751e8b465ee728b)  -> (artifact id: 'ab39d9a5075e2b16e390e41cb94eeb25') in 0.084606 seconds 
Number of asset objects unloaded after import = 2
========================================================================
Received Import Request.
  Time since last request: 99.299971 seconds.
  path: Assets/Models/Sphere/New Material.mat
  artifactKey: Guid(3a1aca2e421855641b9c7d6ba09381a0) Importer(815301076,1909f56bfc062723c751e8b465ee728b)
Number of updated assets reloaded before import = 0
Start importing Assets/Models/Sphere/New Material.mat using Guid(3a1aca2e421855641b9c7d6ba09381a0) Importer(815301076,1909f56bfc062723c751e8b465ee728b) NullReferenceException: Object reference not set to an instance of an object
  at ToyRenderPipeline.ShadowPass (UnityEngine.Rendering.ScriptableRenderContext context, UnityEngine.Camera camera) [0x00005] in C:\Users\ShawZZZZZ\Desktop\XM2.0\CSM\Assets\ToyRP\ToyRenderPipeline.cs:113 
  at ToyRenderPipeline.Render (UnityEngine.Rendering.ScriptableRenderContext context, UnityEngine.Camera[] cameras) [0x0012e] in C:\Users\ShawZZZZZ\Desktop\XM2.0\CSM\Assets\ToyRP\ToyRenderPipeline.cs:86 
  at UnityEngine.Rendering.RenderPipeline.Render (UnityEngine.Rendering.ScriptableRenderContext context, System.Collections.Generic.List`1[T] cameras) [0x00009] in <a141074b468340a291bb437a434c8bb2>:0 
  at UnityEngine.Rendering.RenderPipeline.InternalRender (UnityEngine.Rendering.ScriptableRenderContext context, System.Collections.Generic.List`1[T] cameras) [0x0001c] in <a141074b468340a291bb437a434c8bb2>:0 
  at UnityEngine.Rendering.RenderPipelineManager.DoRenderLoop_Internal (UnityEngine.Rendering.RenderPipelineAsset pipe, System.IntPtr loopPtr, System.Collections.Generic.List`1[T] renderRequests, Unity.Collections.LowLevel.Unsafe.AtomicSafetyHandle safety) [0x00044] in <a141074b468340a291bb437a434c8bb2>:0 
UnityEngine.Camera:Render(Camera)
UnityEditor.PreviewRenderUtility:Render(Boolean, Boolean)
UnityEditor.MaterialEditor:DoRenderPreview(PreviewRenderUtility, Boolean)
UnityEditor.MaterialEditor:RenderStaticPreview(String, Object[], Int32, Int32)
UnityEditor.AssetPreviewUpdater:CreatePreview(Object, Object[], String, Int32, Int32)
UnityEditor.AssetPreviewUpdater:CreatePreviewForAsset(Object, Object[], String)

(Filename: Assets/ToyRP/ToyRenderPipeline.cs Line: 113)

 -> (artifact id: '037002eaeeb15c2e37db3d596fdaebec') in 0.082258 seconds 
Number of asset objects unloaded after import = 2
========================================================================
Received Import Request.
  Time since last request: 10.179954 seconds.
  path: Assets/Models/cornell-box
  artifactKey: Guid(e4b7425cd47d9f54b934e2e96db9b23f) Importer(815301076,1909f56bfc062723c751e8b465ee728b)
Number of updated assets reloaded before import = 0
Start importing Assets/Models/cornell-box using Guid(e4b7425cd47d9f54b934e2e96db9b23f) Importer(815301076,1909f56bfc062723c751e8b465ee728b)  -> (artifact id: '2d1fa52fb745e560233e5c5d60e1a62a') in 0.007372 seconds 
Number of asset objects unloaded after import = 0
========================================================================
Received Import Request.
  Time since last request: 0.090135 seconds.
  path: Assets/Models/cornell-box/TungstenRender.exr
  artifactKey: Guid(939d2dedaa9d97b4c840ed28aa39e642) Importer(815301076,1909f56bfc062723c751e8b465ee728b)
Number of updated assets reloaded before import = 0
Start importing Assets/Models/cornell-box/TungstenRender.exr using Guid(939d2dedaa9d97b4c840ed28aa39e642) Importer(815301076,1909f56bfc062723c751e8b465ee728b)  -> (artifact id: '296b215d9f7a76751532f224e77cc54f') in 0.030187 seconds 
Number of asset objects unloaded after import = 2
========================================================================
Received Import Request.
  Time since last request: 6.044205 seconds.
  path: Assets/Models/cornell-box/scene.json
  artifactKey: Guid(210359cb8297e3d4d808734de035cde2) Importer(815301076,1909f56bfc062723c751e8b465ee728b)
Number of updated assets reloaded before import = 0
Start importing Assets/Models/cornell-box/scene.json using Guid(210359cb8297e3d4d808734de035cde2) Importer(815301076,1909f56bfc062723c751e8b465ee728b)  -> (artifact id: 'e6f923808de0ba6ad140ac2fe3e3d983') in 0.013264 seconds 
Number of asset objects unloaded after import = 1
========================================================================
Received Import Request.
  Time since last request: 31.702572 seconds.
  path: Assets/scene.json
  artifactKey: Guid(3ac92cc92639ef240bb8ae19fe297dbe) Importer(815301076,1909f56bfc062723c751e8b465ee728b)
Number of updated assets reloaded before import = 0
Start importing Assets/scene.json using Guid(3ac92cc92639ef240bb8ae19fe297dbe) Importer(815301076,1909f56bfc062723c751e8b465ee728b)  -> (artifact id: 'b5805173fe03d1e724bf824c3196157f') in 0.001865 seconds 
Number of asset objects unloaded after import = 1
========================================================================
Received Import Request.
  Time since last request: 496.806329 seconds.
  path: Assets/Models/dragon 1
  artifactKey: Guid(6da6288c20823bb4799094bf87bcf1d7) Importer(815301076,1909f56bfc062723c751e8b465ee728b)
Number of updated assets reloaded before import = 0
Start importing Assets/Models/dragon 1 using Guid(6da6288c20823bb4799094bf87bcf1d7) Importer(815301076,1909f56bfc062723c751e8b465ee728b)  -> (artifact id: '889e5b738bae7ca3b611d516724d566b') in 0.007023 seconds 
Number of asset objects unloaded after import = 0
========================================================================
Received Import Request.
  Time since last request: 1.417189 seconds.
  path: Assets/Models/dragon 1/Dragon Unity 5.unitypackage
  artifactKey: Guid(0c46307bfe00e804888b7338d45ad4e0) Importer(815301076,1909f56bfc062723c751e8b465ee728b)
Number of updated assets reloaded before import = 0
Start importing Assets/Models/dragon 1/Dragon Unity 5.unitypackage using Guid(0c46307bfe00e804888b7338d45ad4e0) Importer(815301076,1909f56bfc062723c751e8b465ee728b)  -> (artifact id: 'abecaea947ed4f614ded99502b3477fe') in 0.011263 seconds 
Number of asset objects unloaded after import = 1
========================================================================
Received Import Request.
  Time since last request: 5.743057 seconds.
  path: Assets/Models/dragon 1/readme.txt
  artifactKey: Guid(0c4c5b5e2b0a87045af4a0f1953626bb) Importer(815301076,1909f56bfc062723c751e8b465ee728b)
Number of updated assets reloaded before import = 0
Start importing Assets/Models/dragon 1/readme.txt using Guid(0c4c5b5e2b0a87045af4a0f1953626bb) Importer(815301076,1909f56bfc062723c751e8b465ee728b)  -> (artifact id: '97c769b88f45439506787efb263e03b8') in 0.011290 seconds 
Number of asset objects unloaded after import = 1
========================================================================
Received Import Request.
  Time since last request: 3.830552 seconds.
  path: Assets/Models/dragon 1/textures
  artifactKey: Guid(8a948f01a73b6cb4aa7737d611a9dfaa) Importer(815301076,1909f56bfc062723c751e8b465ee728b)
Number of updated assets reloaded before import = 0
Start importing Assets/Models/dragon 1/textures using Guid(8a948f01a73b6cb4aa7737d611a9dfaa) Importer(815301076,1909f56bfc062723c751e8b465ee728b)  -> (artifact id: '5e95658be98fac0e3ca0ec2201cf19c9') in 0.008550 seconds 
Number of asset objects unloaded after import = 0
========================================================================
Received Import Request.
  Time since last request: 0.068322 seconds.
  path: Assets/Models/dragon 1/textures/Ani_Fire_A.png
  artifactKey: Guid(a72ad1e2149851046b735b0873498c49) Importer(815301076,1909f56bfc062723c751e8b465ee728b)
Number of updated assets reloaded before import = 0
Start importing Assets/Models/dragon 1/textures/Ani_Fire_A.png using Guid(a72ad1e2149851046b735b0873498c49) Importer(815301076,1909f56bfc062723c751e8b465ee728b)  -> (artifact id: '80f2aa28f6cfd2543924da46ab5ed0bf') in 0.019291 seconds 
Number of asset objects unloaded after import = 2
========================================================================
Received Import Request.
  Time since last request: 0.000022 seconds.
  path: Assets/Models/dragon 1/textures/Floor_C.jpg
  artifactKey: Guid(427b734de0ccfd8489097a19af59eb3c) Importer(815301076,1909f56bfc062723c751e8b465ee728b)
Number of updated assets reloaded before import = 0
Start importing Assets/Models/dragon 1/textures/Floor_C.jpg using Guid(427b734de0ccfd8489097a19af59eb3c) Importer(815301076,1909f56bfc062723c751e8b465ee728b)  -> (artifact id: 'bcaf869ed41b001c0a32edbff775eaca') in 0.025927 seconds 
Number of asset objects unloaded after import = 2
========================================================================
Received Import Request.
  Time since last request: 0.000047 seconds.
  path: Assets/Models/dragon 1/textures/Fire_A_2.png
  artifactKey: Guid(0a9f0cd38a47c734b8e87a6ffc56716c) Importer(815301076,1909f56bfc062723c751e8b465ee728b)
Number of updated assets reloaded before import = 0
Start importing Assets/Models/dragon 1/textures/Fire_A_2.png using Guid(0a9f0cd38a47c734b8e87a6ffc56716c) Importer(815301076,1909f56bfc062723c751e8b465ee728b)  -> (artifact id: '919e75fa09ef6caeaf2eb016307e413f') in 0.022887 seconds 
Number of asset objects unloaded after import = 2
========================================================================
Received Import Request.
  Time since last request: 0.000015 seconds.
  path: Assets/Models/dragon 1/textures/Dragon_Nor_mirror2.jpg
  artifactKey: Guid(a63cceedca82b7748ae607a2040ca590) Importer(815301076,1909f56bfc062723c751e8b465ee728b)
Number of updated assets reloaded before import = 0
Start importing Assets/Models/dragon 1/textures/Dragon_Nor_mirror2.jpg using Guid(a63cceedca82b7748ae607a2040ca590) Importer(815301076,1909f56bfc062723c751e8b465ee728b)  -> (artifact id: '1f37abaa73b8a5deafde0a00eeb119df') in 0.021347 seconds 
Number of asset objects unloaded after import = 2
Editor requested this worker to shutdown with reason: Scaling down because of idle timeout
AssetImportWorker is now disconnected from the server
Process exiting
Exiting without the bug reporter. Application will terminate with return code 0